<?xml version="1.0" encoding="UTF-8"?>
<!-- Generated by org.testng.reporters.JUnitReportReporter -->
<testsuite hostname="DESKTOP-FQUCIH5" failures="0" tests="1" name="Selenium.Selenium.Tables" time="7.739" errors="0" timestamp="2024-02-24T03:07:54 IST" skipped="0">
  <testcase classname="Selenium.Selenium.Tables" name="printAllLinks" time="7.739"/>
  <system-out/>
</testsuite> <!-- Selenium.Selenium.Tables -->
