<?xml version="1.0" encoding="UTF-8"?>
<!-- Generated by org.testng.reporters.JUnitReportReporter -->
<testsuite hostname="DESKTOP-FQUCIH5" failures="0" tests="1" name="Selenium.Selenium.AppTest" time="4.406" errors="0" timestamp="2024-02-24T02:21:08 IST" skipped="0">
  <testcase classname="Selenium.Selenium.AppTest" name="checkBox" time="4.406"/>
  <system-out/>
</testsuite> <!-- Selenium.Selenium.AppTest -->
